2025-06-25 12:19:09,585 - INFO - url: https://zjj.yangfeiyue.dpdns.org/txt/Zhejiang_dianxin.txt 获取成功，判断为m3u格式
2025-06-25 12:19:09,588 - INFO - url: https://zjj.yangfeiyue.dpdns.org/txt/Zhejiang_dianxin.txt 爬取成功✅，包含频道分类: 卫视高清
2025-06-25 12:19:10,094 - INFO - url: https://shh.yangfeiyue.dpdns.org/txt/Shanghai_dianxin.txt 获取成功，判断为m3u格式
2025-06-25 12:19:10,097 - INFO - url: https://shh.yangfeiyue.dpdns.org/txt/Shanghai_dianxin.txt 爬取成功✅，包含频道分类: 央视高清, 卫视高清
2025-06-25 12:19:10,570 - INFO - url: https://gdd.yangfeiyue.dpdns.org/txt/Guangdong_dianxin.txt 获取成功，判断为m3u格式
2025-06-25 12:19:10,575 - INFO - url: https://gdd.yangfeiyue.dpdns.org/txt/Guangdong_dianxin.txt 爬取成功✅，包含频道分类: 卫视高清, 央视高清
2025-06-25 12:19:10,739 - INFO - url: https://bjj.yangfeiyue.dpdns.org/txt/Beijing_liantong.txt 获取成功，判断为m3u格式
2025-06-25 12:19:10,741 - INFO - url: https://bjj.yangfeiyue.dpdns.org/txt/Beijing_liantong.txt 爬取成功✅，包含频道分类: 央视高清, 本地高清, 卫视高清
2025-06-25 12:19:11,229 - INFO - url: https://tjj.yangfeiyue.dpdns.org/txt/Tianjin_liantong.txt 获取成功，判断为m3u格式
2025-06-25 12:19:11,230 - INFO - url: https://tjj.yangfeiyue.dpdns.org/txt/Tianjin_liantong.txt 爬取成功✅，包含频道分类: 央视高清, 卫视频道
2025-06-25 12:19:14,538 - INFO - url: https://jss.yangfeiyue.dpdns.org/txt/Jiangsu_dianxin.txt 获取成功，判断为m3u格式
2025-06-25 12:19:14,539 - INFO - url: https://jss.yangfeiyue.dpdns.org/txt/Jiangsu_dianxin.txt 爬取成功✅，包含频道分类: 卫视高清, 影院高清
2025-06-25 12:19:14,619 - INFO - url: https://cqq.yangfeiyue.dpdns.org/txt/Chongqing_liantong.txt 获取成功，判断为m3u格式
2025-06-25 12:19:14,619 - INFO - url: https://cqq.yangfeiyue.dpdns.org/txt/Chongqing_liantong.txt 爬取成功✅，包含频道分类: 卫视高清
2025-06-25 12:19:14,699 - INFO - url: https://ssx.yangfeiyue.dpdns.org/txt/Shaanxi_dianxin.txt 获取成功，判断为m3u格式
2025-06-25 12:19:14,701 - INFO - url: https://ssx.yangfeiyue.dpdns.org/txt/Shaanxi_dianxin.txt 爬取成功✅，包含频道分类: 卫视高清
2025-06-25 12:19:19,791 - INFO - url: https://jxx.yangfeiyue.dpdns.org/txt/Jiangxi_dianxin.txt 获取成功，判断为m3u格式
2025-06-25 12:19:19,791 - INFO - url: https://jxx.yangfeiyue.dpdns.org/txt/Jiangxi_dianxin.txt 爬取成功✅，包含频道分类: 卫视高清, 影院高清
2025-06-25 12:19:19,878 - INFO - url: https://fjj.yangfeiyue.dpdns.org/txt/Fujian_dianxin.txt 获取成功，判断为m3u格式
2025-06-25 12:19:19,878 - INFO - url: https://fjj.yangfeiyue.dpdns.org/txt/Fujian_dianxin.txt 爬取成功✅，包含频道分类: 卫视高清
2025-06-25 12:19:19,962 - INFO - url: https://ahh.yangfeiyue.dpdns.org/txt/Anhui_dianxin.txt 获取成功，判断为m3u格式
2025-06-25 12:19:19,966 - INFO - url: https://ahh.yangfeiyue.dpdns.org/txt/Anhui_dianxin.txt 爬取成功✅，包含频道分类: 卫视高清
2025-06-25 12:19:25,064 - INFO - url: https://hnn.yangfeiyue.dpdns.org/txt/Hunan_dianxin.txt 获取成功，判断为m3u格式
2025-06-25 12:19:25,066 - INFO - url: https://hnn.yangfeiyue.dpdns.org/txt/Hunan_dianxin.txt 爬取成功✅，包含频道分类: 卫视高清
2025-06-25 12:19:25,162 - INFO - url: https://scc.yangfeiyue.dpdns.org/txt/Sichuan_dianxin.txt 获取成功，判断为m3u格式
2025-06-25 12:19:25,166 - INFO - url: https://scc.yangfeiyue.dpdns.org/txt/Sichuan_dianxin.txt 爬取成功✅，包含频道分类: 本地高清, 卫视高清, 电影, 影院高清, 央视高清
2025-06-25 12:19:25,260 - INFO - url: https://gxx.yangfeiyue.dpdns.org/txt/Guangxi_dianxin.txt 获取成功，判断为m3u格式
2025-06-25 12:19:25,261 - INFO - url: https://gxx.yangfeiyue.dpdns.org/txt/Guangxi_dianxin.txt 爬取成功✅，包含频道分类: 卫视高清
2025-06-25 12:19:26,153 - INFO - url: https://hbb.yangfeiyue.dpdns.org/txt/Hubei_dianxin.txt 获取成功，判断为m3u格式
2025-06-25 12:19:26,154 - INFO - url: https://hbb.yangfeiyue.dpdns.org/txt/Hubei_dianxin.txt 爬取成功✅，包含频道分类: 卫视高清
2025-06-25 12:19:26,700 - INFO - url: https://hebb.yangfeiyue.dpdns.org/txt/Hebei_dianxin.txt 获取成功，判断为m3u格式
2025-06-25 12:19:26,703 - INFO - url: https://hebb.yangfeiyue.dpdns.org/txt/Hebei_dianxin.txt 爬取成功✅，包含频道分类: 卫视高清
2025-06-25 12:19:26,813 - INFO - url: https://heeb.yangfeiyue.dpdns.org/txt/Hebei_liantong.txt 获取成功，判断为m3u格式
2025-06-25 12:19:26,817 - INFO - url: https://heeb.yangfeiyue.dpdns.org/txt/Hebei_liantong.txt 爬取成功✅，包含频道分类: 卫视高清
2025-06-25 12:19:26,898 - INFO - url: https://sxx.yangfeiyue.dpdns.org/txt/Shanxi_liantong.txt 获取成功，判断为m3u格式
2025-06-25 12:19:26,898 - INFO - url: https://sxx.yangfeiyue.dpdns.org/txt/Shanxi_liantong.txt 爬取成功✅，包含频道分类: 卫视高清
2025-06-25 12:19:27,842 - INFO - url: https://hhn.yangfeiyue.dpdns.org/txt/Henan_dianxin.txt 获取成功，判断为m3u格式
2025-06-25 12:19:27,845 - INFO - url: https://hhn.yangfeiyue.dpdns.org/txt/Henan_dianxin.txt 爬取成功✅，包含频道分类: 卫视高清, 央视高清, 郑州新闻, 郑州商都, 郑州文体, 郑州戏曲, 郑州妇女, 郑州生活
2025-06-25 12:19:27,923 - INFO - url: https://lnn.yangfeiyue.dpdns.org/txt/Liaoning_liantong.txt 获取成功，判断为m3u格式
2025-06-25 12:19:27,923 - INFO - url: https://lnn.yangfeiyue.dpdns.org/txt/Liaoning_liantong.txt 爬取成功✅，包含频道分类: 央视高清, 卫视频道
2025-06-25 12:19:28,012 - INFO - url: https://hljj.yangfeiyue.dpdns.org/txt/Heilongjiang_liantong.txt 获取成功，判断为m3u格式
2025-06-25 12:19:28,012 - INFO - url: https://hljj.yangfeiyue.dpdns.org/txt/Heilongjiang_liantong.txt 爬取成功✅，包含频道分类: 央视高清
2025-06-25 12:19:28,092 - INFO - url: https://sdd.yangfeiyue.dpdns.org/txt/Shandong_dianxin.txt 获取成功，判断为m3u格式
2025-06-25 12:19:28,097 - INFO - url: https://sdd.yangfeiyue.dpdns.org/txt/Shandong_dianxin.txt 爬取成功✅，包含频道分类: 山东电信
2025-06-25 12:19:28,226 - INFO - url: https://gzz.yangfeiyue.dpdns.org/txt/Guizhou_dianxin.txt 获取成功，判断为m3u格式
2025-06-25 12:19:28,228 - INFO - url: https://gzz.yangfeiyue.dpdns.org/txt/Guizhou_dianxin.txt 爬取成功✅，包含频道分类: 本地高清
2025-06-25 12:19:28,342 - INFO - url: https://ggd.yangfeiyue.dpdns.org/txt/Guang_dian.txt 获取成功，判断为m3u格式
2025-06-25 12:19:28,342 - INFO - url: https://ggd.yangfeiyue.dpdns.org/txt/Guang_dian.txt 爬取成功✅，包含频道分类: 卫视高清
2025-06-25 12:19:28,451 - INFO - url: https://live-1.yangfeiyue.dpdns.org/txt/ZJYD.m3u 获取成功，判断为txt格式
2025-06-25 12:19:28,451 - INFO - url: https://live-1.yangfeiyue.dpdns.org/txt/ZJYD.m3u 爬取成功✅，包含频道分类: ZJYD
